TN:
SF:/Users/johncashmore/Projects/github/angular-content-portal-old/src/polyfills.ts
FNF:0
FNH:0
DA:46,1
DA:60,1
LF:2
LH:2
BRF:0
BRH:0
end_of_record
TN:
SF:/Users/johncashmore/Projects/github/angular-content-portal-old/src/test.ts
FNF:0
FNH:0
DA:3,1
DA:4,1
DA:5,1
DA:13,1
DA:18,1
DA:20,1
LF:6
LH:6
BRF:0
BRH:0
end_of_record
TN:
SF:/Users/johncashmore/Projects/github/angular-content-portal-old/src/app/app.component.ts
FN:8,(anonymous_1)
FN:3,AppComponent
FNF:2
FNH:2
FNDA:1,(anonymous_1)
FNDA:3,AppComponent
DA:1,1
DA:8,1
DA:9,3
DA:10,1
LF:4
LH:4
BRF:0
BRH:0
end_of_record
TN:
SF:/Users/johncashmore/Projects/github/angular-content-portal-old/src/app/modules/portal/portal.service.ts
FN:6,(anonymous_2)
FN:11,ACPortalService
FN:13,(anonymous_4)
FN:17,(anonymous_5)
FN:25,(anonymous_6)
FN:29,(anonymous_7)
FN:38,(anonymous_8)
FNF:7
FNH:6
FNDA:1,(anonymous_2)
FNDA:3,ACPortalService
FNDA:0,(anonymous_4)
FNDA:2,(anonymous_5)
FNDA:1,(anonymous_6)
FNDA:3,(anonymous_7)
FNDA:4,(anonymous_8)
DA:1,1
DA:2,1
DA:6,1
DA:8,3
DA:9,3
DA:13,1
DA:14,0
DA:17,1
DA:18,2
DA:19,2
DA:20,1
DA:22,1
DA:25,2
DA:26,1
DA:29,1
DA:30,3
DA:31,3
DA:32,1
DA:34,2
DA:38,7
DA:39,4
DA:40,4
DA:41,0
DA:44,1
LF:24
LH:22
BRDA:19,0,0,1
BRDA:19,0,1,1
BRDA:25,1,0,1
BRDA:25,1,1,0
BRDA:31,2,0,1
BRDA:31,2,1,2
BRDA:38,3,0,3
BRDA:38,3,1,1
BRDA:40,4,0,0
BRDA:40,4,1,4
BRF:10
BRH:8
end_of_record
